<?xml version="1.0" encoding="UTF-8"?>
<!-- Generated by org.testng.reporters.JUnitReportReporter -->
<testsuite skipped="0" hostname="DESKTOP-8INME0E" name="Scripts1.Test1" tests="1" failures="0" timestamp="2021-11-11T15:13:44 IST" time="0.013" errors="0">
  <testcase name="assignment1" time="0.013" classname="Scripts1.Test1"/>
  <system-out/>
</testsuite> <!-- Scripts1.Test1 -->
