<?xml version="1.0" encoding="UTF-8"?>
<!-- Generated by org.testng.reporters.JUnitReportReporter -->
<testsuite skipped="0" hostname="DESKTOP-8INME0E" name="Scripts1.Test4" tests="1" failures="0" timestamp="2021-11-12T10:25:32 IST" time="0.014" errors="0">
  <testcase name="hello" time="0.014" classname="Scripts1.Test4"/>
  <system-out/>
</testsuite> <!-- Scripts1.Test4 -->
